<?xml version="1.0" encoding="UTF-8"?>
<testsuite xmlns:xsi="http://www.w3.org/2001/XMLSchema-instance" xsi:noNamespaceSchemaLocation="https://maven.apache.org/surefire/maven-surefire-plugin/xsd/surefire-test-report.xsd" version="3.0.2" name="com.ticketmanagement.logging.TicketEventLoggerTest" time="0.233" tests="3" errors="0" skipped="0" failures="0" flakes="0">
  <properties>
[...]
</properties>
  <testcase name="missingHeaderUsesUuidAndFailureIsWarned" classname="com.ticketmanagement.logging.TicketEventLoggerTest" time="0.04">
    <system-out><![CDATA[02:58:30.019 [main] WARN com.ticketmanagement.logging.TicketEventLogger -- EVENT_LOGGING :: {"eventMessage":"Ticket creation failed.","requestId":"c6805d26-4716-480c-a2c5-87b65305d17b","eventName":"TICKET_CREATED","errorCode":"FieldValidationException","ticketId":null,"timestamp":"2026-09-19T21:28:30.005588329Z","isSuccess":false}
]]></system-out>
  </testcase>
  <testcase name="failureBeforeInitStillLogsTheEndpointEventAndRethrows" classname="com.ticketmanagement.logging.TicketEventLoggerTest" time="0.004">
    <system-out><![CDATA[02:58:30.031 [main] WARN com.ticketmanagement.logging.TicketEventLogger -- EVENT_LOGGING :: {"eventMessage":"Ticket creation failed.","requestId":"7a7354cc-825d-4b59-98e2-3112e147e58c","eventName":"TICKET_CREATED","errorCode":"FieldValidationException","ticketId":null,"timestamp":"2026-09-19T21:28:30.030804451Z","isSuccess":false}
]]></system-out>
  </testcase>
  <testcase name="successLogUsesHeaderRequestIdAndOneJsonLine" classname="com.ticketmanagement.logging.TicketEventLoggerTest" time="0.009">
    <system-out><![CDATA[02:58:30.040 [main] INFO com.ticketmanagement.logging.TicketEventLogger -- EVENT_LOGGING :: {"eventMessage":"Ticket status changed.","newStatus":"IN_PROGRESS","oldStatus":"OPEN","requestId":"edge-123","eventName":"STATUS_CHANGED","ticketId":7,"timestamp":"2026-09-19T21:28:30.036990567Z","isSuccess":true}
]]></system-out>
  </testcase>
</testsuite>