<?xml version="1.0" encoding="UTF-8"?>
<testsuite xmlns:xsi="http://www.w3.org/2001/XMLSchema-instance" xsi:noNamespaceSchemaLocation="https://maven.apache.org/surefire/maven-surefire-plugin/xsd/surefire-test-report.xsd" version="3.0.2" name="com.ticketmanagement.controller.TicketControllerIntegrationTest" time="3.615" tests="10" errors="0" skipped="0" failures="0" flakes="0">
  <properties>
[...]
</properties>
  <testcase name="addsCommentsOldestFirstAndRejectsCancelledTickets" classname="com.ticketmanagement.controller.TicketControllerIntegrationTest" time="0.435">
    <system-out><![CDATA[02:18:10.432 [main] INFO org.springframework.test.context.support.AnnotationConfigContextLoaderUtils -- Could not detect default configuration classes for test class [com.ticketmanagement.controller.TicketControllerIntegrationTest]: TicketControllerIntegrationTest does not declare any static, non-private, non-final, nested classes annotated with @Configuration.
02:18:10.545 [main] INFO org.springframework.boot.test.context.SpringBootTestContextBootstrapper -- Found @SpringBootConfiguration com.ticketmanagement.TicketManagementApplication for test class com.ticketmanagement.controller.TicketControllerIntegrationTest

  .   ____          _            __ _ _
 /\\ / ___'_ __ _ _(_)_ __  __ _ \ \ \ \
( ( )\___ | '_ | '_| | '_ \/ _` | \ \ \ \
 \\/  ___)| |_)| | | | | || (_| |  ) ) ) )
  '  |____| .__|_| |_|_| |_\__, | / / / /
 =========|_|==============|___/=/_/_/_/

 :: Spring Boot ::               (v3.5.16)

2026-09-20T02:18:10.829+05:30  INFO 55810 --- [           main] c.t.c.TicketControllerIntegrationTest    : Starting TicketControllerIntegrationTest using Java 21.0.12 with PID 55810 (started by himanshisharma in /home/himanshisharma/Documents/TicketManagmentSystem/backend)
2026-09-20T02:18:10.830+05:30  INFO 55810 --- [           main] c.t.c.TicketControllerIntegrationTest    : No active profile set, falling back to 1 default profile: "default"
2026-09-20T02:18:11.251+05:30  INFO 55810 --- [           main] .s.d.r.c.RepositoryConfigurationDelegate : Bootstrapping Spring Data JPA repositories in DEFAULT mode.
2026-09-20T02:18:11.307+05:30  INFO 55810 --- [           main] .s.d.r.c.RepositoryConfigurationDelegate : Finished Spring Data repository scanning in 48 ms. Found 2 JPA repository interfaces.
2026-09-20T02:18:11.673+05:30  INFO 55810 --- [           main] o.hibernate.jpa.internal.util.LogHelper  : HHH000204: Processing PersistenceUnitInfo [name: default]
2026-09-20T02:18:11.722+05:30  INFO 55810 --- [           main] org.hibernate.Version                    : HHH000412: Hibernate ORM core version 6.6.53.Final
2026-09-20T02:18:11.752+05:30  INFO 55810 --- [           main] o.h.c.internal.RegionFactoryInitiator    : HHH000026: Second-level cache disabled
2026-09-20T02:18:11.840+05:30  INFO 55810 --- [           main] o.s.o.j.p.SpringPersistenceUnitInfo      : No LoadTimeWeaver setup: ignoring JPA class transformer
2026-09-20T02:18:11.858+05:30  INFO 55810 --- [           main] com.zaxxer.hikari.HikariDataSource       : HikariPool-1 - Starting...
2026-09-20T02:18:12.083+05:30  INFO 55810 --- [           main] com.zaxxer.hikari.pool.HikariPool        : HikariPool-1 - Added connection conn0: url=jdbc:h2:mem:tickets user=SA
2026-09-20T02:18:12.085+05:30  INFO 55810 --- [           main] com.zaxxer.hikari.HikariDataSource       : HikariPool-1 - Start completed.
2026-09-20T02:18:12.145+05:30  INFO 55810 --- [           main] org.hibernate.orm.connections.pooling    : HHH10001005: Database info:
	Database JDBC URL [Connecting through datasource 'HikariDataSource (HikariPool-1)']
	Database driver: undefined/unknown
	Database version: 2.3.232
	Autocommit mode: undefined/unknown
	Isolation level: undefined/unknown
	Minimum pool size: undefined/unknown
	Maximum pool size: undefined/unknown
2026-09-20T02:18:12.685+05:30  INFO 55810 --- [           main] o.h.e.t.j.p.i.JtaPlatformInitiator       : HHH000489: No JTA platform available (set 'hibernate.transaction.jta.platform' to enable JTA platform integration)
2026-09-20T02:18:12.711+05:30  INFO 55810 --- [           main] j.LocalContainerEntityManagerFactoryBean : Initialized JPA EntityManagerFactory for persistence unit 'default'
2026-09-20T02:18:13.197+05:30  INFO 55810 --- [           main] o.s.b.t.m.w.SpringBootMockServletContext : Initializing Spring TestDispatcherServlet ''
2026-09-20T02:18:13.197+05:30  INFO 55810 --- [           main] o.s.t.web.servlet.TestDispatcherServlet  : Initializing Servlet ''
2026-09-20T02:18:13.198+05:30  INFO 55810 --- [           main] o.s.t.web.servlet.TestDispatcherServlet  : Completed initialization in 1 ms
2026-09-20T02:18:13.214+05:30  INFO 55810 --- [           main] c.t.c.TicketControllerIntegrationTest    : Started TicketControllerIntegrationTest in 2.575 seconds (process running for 4.5)
2026-09-20T02:18:13.373+05:30  INFO 55810 --- [           main] c.t.controller.TicketController          : TicketController create ticket
2026-09-20T02:18:13.374+05:30  INFO 55810 --- [           main] c.t.s.ticket.impl.TicketServiceImpl      : TicketServiceImpl ::  create ticket
2026-09-20T02:18:13.439+05:30  INFO 55810 --- [           main] c.t.controller.TicketController          : TicketController add comment 1
2026-09-20T02:18:13.440+05:30  INFO 55810 --- [           main] c.t.s.ticket.impl.TicketServiceImpl      : TicketServiceImpl ::  add comment 1
2026-09-20T02:18:13.460+05:30  INFO 55810 --- [           main] c.t.controller.TicketController          : TicketController add comment 1
2026-09-20T02:18:13.460+05:30  INFO 55810 --- [           main] c.t.s.ticket.impl.TicketServiceImpl      : TicketServiceImpl ::  add comment 1
2026-09-20T02:18:13.464+05:30  INFO 55810 --- [           main] c.t.controller.TicketController          : TicketController get ticket 1
2026-09-20T02:18:13.465+05:30  INFO 55810 --- [           main] c.t.s.ticket.impl.TicketServiceImpl      : TicketServiceImpl ::  get ticket 1
2026-09-20T02:18:13.506+05:30 ERROR 55810 --- [           main] c.t.e.advice.ExceptionControllerAdvice   : ExceptionAdvice::handle::MethodArgumentNotValidException getting this error Validation failed for argument [1] in public org.springframework.http.ResponseEntity<com.ticketmanagement.dto.ticket.response.CommentResDTO> com.ticketmanagement.controller.TicketController.addComment(java.lang.Long,com.ticketmanagement.dto.ticket.request.CreateCommentReqDTO): [Field error in object 'createCommentReqDTO' on field 'authorName': rejected value [   ]; codes [NotBlank.createCommentReqDTO.authorName,NotBlank.authorName,NotBlank.java.lang.String,NotBlank]; arguments [org.springframework.context.support.DefaultMessageSourceResolvable: codes [createCommentReqDTO.authorName,authorName]; arguments []; default message [authorName]]; default message [must not be blank]] 
2026-09-20T02:18:13.510+05:30  INFO 55810 --- [           main] c.t.controller.TicketController          : TicketController create ticket
2026-09-20T02:18:13.510+05:30  INFO 55810 --- [           main] c.t.s.ticket.impl.TicketServiceImpl      : TicketServiceImpl ::  create ticket
2026-09-20T02:18:13.516+05:30  INFO 55810 --- [           main] c.t.controller.TicketController          : TicketController change status 2
2026-09-20T02:18:13.517+05:30  INFO 55810 --- [           main] c.t.s.ticket.impl.TicketServiceImpl      : TicketServiceImpl ::  change status 2
2026-09-20T02:18:13.649+05:30  INFO 55810 --- [           main] c.t.controller.TicketController          : TicketController add comment 2
2026-09-20T02:18:13.650+05:30  INFO 55810 --- [           main] c.t.s.ticket.impl.TicketServiceImpl      : TicketServiceImpl ::  add comment 2
2026-09-20T02:18:13.652+05:30 ERROR 55810 --- [           main] c.t.e.advice.ExceptionControllerAdvice   : ClientErrorException occurred :: A finished ticket cannot receive comments.
]]></system-out>
  </testcase>
  <testcase name="createsListsAndReadsATicket" classname="com.ticketmanagement.controller.TicketControllerIntegrationTest" time="0.036">
    <system-out><![CDATA[2026-09-20T02:18:13.674+05:30  INFO 55810 --- [           main] c.t.controller.TicketController          : TicketController create ticket
2026-09-20T02:18:13.674+05:30  INFO 55810 --- [           main] c.t.s.ticket.impl.TicketServiceImpl      : TicketServiceImpl ::  create ticket
2026-09-20T02:18:13.678+05:30  INFO 55810 --- [           main] c.t.controller.TicketController          : TicketController list tickets
2026-09-20T02:18:13.678+05:30  INFO 55810 --- [           main] c.t.s.ticket.impl.TicketServiceImpl      : TicketServiceImpl ::  list tickets
2026-09-20T02:18:13.687+05:30  INFO 55810 --- [           main] c.t.controller.TicketController          : TicketController get ticket 3
2026-09-20T02:18:13.687+05:30  INFO 55810 --- [           main] c.t.s.ticket.impl.TicketServiceImpl      : TicketServiceImpl ::  get ticket 3
]]></system-out>
  </testcase>
  <testcase name="blankTitleOnUpdateIsRejected" classname="com.ticketmanagement.controller.TicketControllerIntegrationTest" time="0.023">
    <system-out><![CDATA[2026-09-20T02:18:13.702+05:30  INFO 55810 --- [           main] c.t.controller.TicketController          : TicketController create ticket
2026-09-20T02:18:13.702+05:30  INFO 55810 --- [           main] c.t.s.ticket.impl.TicketServiceImpl      : TicketServiceImpl ::  create ticket
2026-09-20T02:18:13.709+05:30  INFO 55810 --- [           main] c.t.controller.TicketController          : TicketController update ticket 4
2026-09-20T02:18:13.710+05:30  INFO 55810 --- [           main] c.t.s.ticket.impl.TicketServiceImpl      : TicketServiceImpl ::  update ticket 4
2026-09-20T02:18:13.711+05:30 ERROR 55810 --- [           main] c.t.e.advice.ExceptionControllerAdvice   : ClientErrorException occurred :: title: must not be blank
2026-09-20T02:18:13.713+05:30  INFO 55810 --- [           main] c.t.controller.TicketController          : TicketController get ticket 4
2026-09-20T02:18:13.713+05:30  INFO 55810 --- [           main] c.t.s.ticket.impl.TicketServiceImpl      : TicketServiceImpl ::  get ticket 4
]]></system-out>
  </testcase>
  <testcase name="missingTicketIsNotFound" classname="com.ticketmanagement.controller.TicketControllerIntegrationTest" time="0.012">
    <system-out><![CDATA[2026-09-20T02:18:13.727+05:30  INFO 55810 --- [           main] c.t.controller.TicketController          : TicketController get ticket 999999
2026-09-20T02:18:13.727+05:30  INFO 55810 --- [           main] c.t.s.ticket.impl.TicketServiceImpl      : TicketServiceImpl ::  get ticket 999999
2026-09-20T02:18:13.728+05:30 ERROR 55810 --- [           main] c.t.e.advice.ExceptionControllerAdvice   : TicketNotFoundException occurred :: Ticket not found.
]]></system-out>
  </testcase>
  <testcase name="allowsOnlyTheStatusPathAndLeavesRejectedTicketsUnchanged" classname="com.ticketmanagement.controller.TicketControllerIntegrationTest" time="0.032">
    <system-out><![CDATA[2026-09-20T02:18:13.737+05:30  INFO 55810 --- [           main] c.t.controller.TicketController          : TicketController create ticket
2026-09-20T02:18:13.737+05:30  INFO 55810 --- [           main] c.t.s.ticket.impl.TicketServiceImpl      : TicketServiceImpl ::  create ticket
2026-09-20T02:18:13.740+05:30  INFO 55810 --- [           main] c.t.controller.TicketController          : TicketController change status 5
2026-09-20T02:18:13.741+05:30  INFO 55810 --- [           main] c.t.s.ticket.impl.TicketServiceImpl      : TicketServiceImpl ::  change status 5
2026-09-20T02:18:13.746+05:30  INFO 55810 --- [           main] c.t.controller.TicketController          : TicketController change status 5
2026-09-20T02:18:13.747+05:30  INFO 55810 --- [           main] c.t.s.ticket.impl.TicketServiceImpl      : TicketServiceImpl ::  change status 5
2026-09-20T02:18:13.751+05:30  INFO 55810 --- [           main] c.t.controller.TicketController          : TicketController change status 5
2026-09-20T02:18:13.751+05:30  INFO 55810 --- [           main] c.t.s.ticket.impl.TicketServiceImpl      : TicketServiceImpl ::  change status 5
2026-09-20T02:18:13.756+05:30  INFO 55810 --- [           main] c.t.controller.TicketController          : TicketController change status 5
2026-09-20T02:18:13.756+05:30  INFO 55810 --- [           main] c.t.s.ticket.impl.TicketServiceImpl      : TicketServiceImpl ::  change status 5
2026-09-20T02:18:13.757+05:30 ERROR 55810 --- [           main] c.t.e.advice.ExceptionControllerAdvice   : ClientErrorException occurred :: Cannot change status from CLOSED to OPEN. The ticket was not changed.
2026-09-20T02:18:13.759+05:30  INFO 55810 --- [           main] c.t.controller.TicketController          : TicketController get ticket 5
2026-09-20T02:18:13.759+05:30  INFO 55810 --- [           main] c.t.s.ticket.impl.TicketServiceImpl      : TicketServiceImpl ::  get ticket 5
]]></system-out>
  </testcase>
  <testcase name="repeatingTheCurrentStatusIsNotAnError" classname="com.ticketmanagement.controller.TicketControllerIntegrationTest" time="0.019">
    <system-out><![CDATA[2026-09-20T02:18:13.771+05:30  INFO 55810 --- [           main] c.t.controller.TicketController          : TicketController create ticket
2026-09-20T02:18:13.771+05:30  INFO 55810 --- [           main] c.t.s.ticket.impl.TicketServiceImpl      : TicketServiceImpl ::  create ticket
2026-09-20T02:18:13.774+05:30  INFO 55810 --- [           main] c.t.controller.TicketController          : TicketController get ticket 6
2026-09-20T02:18:13.774+05:30  INFO 55810 --- [           main] c.t.s.ticket.impl.TicketServiceImpl      : TicketServiceImpl ::  get ticket 6
2026-09-20T02:18:13.779+05:30  INFO 55810 --- [           main] c.t.controller.TicketController          : TicketController change status 6
2026-09-20T02:18:13.779+05:30  INFO 55810 --- [           main] c.t.s.ticket.impl.TicketServiceImpl      : TicketServiceImpl ::  change status 6
]]></system-out>
  </testcase>
  <testcase name="searchesByKeywordAndStatus" classname="com.ticketmanagement.controller.TicketControllerIntegrationTest" time="0.055">
    <system-out><![CDATA[2026-09-20T02:18:13.790+05:30  INFO 55810 --- [           main] c.t.controller.TicketController          : TicketController create ticket
2026-09-20T02:18:13.790+05:30  INFO 55810 --- [           main] c.t.s.ticket.impl.TicketServiceImpl      : TicketServiceImpl ::  create ticket
2026-09-20T02:18:13.793+05:30  INFO 55810 --- [           main] c.t.controller.TicketController          : TicketController create ticket
2026-09-20T02:18:13.793+05:30  INFO 55810 --- [           main] c.t.s.ticket.impl.TicketServiceImpl      : TicketServiceImpl ::  create ticket
2026-09-20T02:18:13.796+05:30  INFO 55810 --- [           main] c.t.controller.TicketController          : TicketController add comment 8
2026-09-20T02:18:13.796+05:30  INFO 55810 --- [           main] c.t.s.ticket.impl.TicketServiceImpl      : TicketServiceImpl ::  add comment 8
2026-09-20T02:18:13.800+05:30  INFO 55810 --- [           main] c.t.controller.TicketController          : TicketController change status 7
2026-09-20T02:18:13.800+05:30  INFO 55810 --- [           main] c.t.s.ticket.impl.TicketServiceImpl      : TicketServiceImpl ::  change status 7
2026-09-20T02:18:13.806+05:30  INFO 55810 --- [           main] c.t.controller.TicketController          : TicketController list tickets
2026-09-20T02:18:13.807+05:30  INFO 55810 --- [           main] c.t.s.ticket.impl.TicketServiceImpl      : TicketServiceImpl ::  list tickets
2026-09-20T02:18:13.823+05:30  INFO 55810 --- [           main] c.t.controller.TicketController          : TicketController list tickets
2026-09-20T02:18:13.823+05:30  INFO 55810 --- [           main] c.t.s.ticket.impl.TicketServiceImpl      : TicketServiceImpl ::  list tickets
2026-09-20T02:18:13.826+05:30  INFO 55810 --- [           main] c.t.controller.TicketController          : TicketController list tickets
2026-09-20T02:18:13.827+05:30  INFO 55810 --- [           main] c.t.s.ticket.impl.TicketServiceImpl      : TicketServiceImpl ::  list tickets
2026-09-20T02:18:13.831+05:30  INFO 55810 --- [           main] c.t.controller.TicketController          : TicketController list tickets
2026-09-20T02:18:13.832+05:30  INFO 55810 --- [           main] c.t.s.ticket.impl.TicketServiceImpl      : TicketServiceImpl ::  list tickets
2026-09-20T02:18:13.835+05:30  INFO 55810 --- [           main] c.t.controller.TicketController          : TicketController list tickets
2026-09-20T02:18:13.835+05:30  INFO 55810 --- [           main] c.t.s.ticket.impl.TicketServiceImpl      : TicketServiceImpl ::  list tickets
2026-09-20T02:18:13.836+05:30 ERROR 55810 --- [           main] c.t.e.advice.ExceptionControllerAdvice   : ClientErrorException occurred :: status: must be one of OPEN, IN_PROGRESS, RESOLVED, CLOSED, CANCELLED
]]></system-out>
  </testcase>
  <testcase name="cancelIsAllowedFromOpenAndInProgressButNotFromResolved" classname="com.ticketmanagement.controller.TicketControllerIntegrationTest" time="0.05">
    <system-out><![CDATA[2026-09-20T02:18:13.848+05:30  INFO 55810 --- [           main] c.t.controller.TicketController          : TicketController create ticket
2026-09-20T02:18:13.848+05:30  INFO 55810 --- [           main] c.t.s.ticket.impl.TicketServiceImpl      : TicketServiceImpl ::  create ticket
2026-09-20T02:18:13.851+05:30  INFO 55810 --- [           main] c.t.controller.TicketController          : TicketController change status 9
2026-09-20T02:18:13.852+05:30  INFO 55810 --- [           main] c.t.s.ticket.impl.TicketServiceImpl      : TicketServiceImpl ::  change status 9
2026-09-20T02:18:13.857+05:30  INFO 55810 --- [           main] c.t.controller.TicketController          : TicketController create ticket
2026-09-20T02:18:13.858+05:30  INFO 55810 --- [           main] c.t.s.ticket.impl.TicketServiceImpl      : TicketServiceImpl ::  create ticket
2026-09-20T02:18:13.861+05:30  INFO 55810 --- [           main] c.t.controller.TicketController          : TicketController change status 10
2026-09-20T02:18:13.861+05:30  INFO 55810 --- [           main] c.t.s.ticket.impl.TicketServiceImpl      : TicketServiceImpl ::  change status 10
2026-09-20T02:18:13.865+05:30  INFO 55810 --- [           main] c.t.controller.TicketController          : TicketController change status 10
2026-09-20T02:18:13.865+05:30  INFO 55810 --- [           main] c.t.s.ticket.impl.TicketServiceImpl      : TicketServiceImpl ::  change status 10
2026-09-20T02:18:13.869+05:30  INFO 55810 --- [           main] c.t.controller.TicketController          : TicketController create ticket
2026-09-20T02:18:13.870+05:30  INFO 55810 --- [           main] c.t.s.ticket.impl.TicketServiceImpl      : TicketServiceImpl ::  create ticket
2026-09-20T02:18:13.872+05:30  INFO 55810 --- [           main] c.t.controller.TicketController          : TicketController change status 11
2026-09-20T02:18:13.872+05:30  INFO 55810 --- [           main] c.t.s.ticket.impl.TicketServiceImpl      : TicketServiceImpl ::  change status 11
2026-09-20T02:18:13.877+05:30  INFO 55810 --- [           main] c.t.controller.TicketController          : TicketController change status 11
2026-09-20T02:18:13.878+05:30  INFO 55810 --- [           main] c.t.s.ticket.impl.TicketServiceImpl      : TicketServiceImpl ::  change status 11
2026-09-20T02:18:13.882+05:30  INFO 55810 --- [           main] c.t.controller.TicketController          : TicketController change status 11
2026-09-20T02:18:13.883+05:30  INFO 55810 --- [           main] c.t.s.ticket.impl.TicketServiceImpl      : TicketServiceImpl ::  change status 11
2026-09-20T02:18:13.884+05:30 ERROR 55810 --- [           main] c.t.e.advice.ExceptionControllerAdvice   : ClientErrorException occurred :: Cannot change status from RESOLVED to CANCELLED. The ticket was not changed.
2026-09-20T02:18:13.885+05:30  INFO 55810 --- [           main] c.t.controller.TicketController          : TicketController get ticket 11
2026-09-20T02:18:13.885+05:30  INFO 55810 --- [           main] c.t.s.ticket.impl.TicketServiceImpl      : TicketServiceImpl ::  get ticket 11
]]></system-out>
  </testcase>
  <testcase name="updatesDetailsWithoutChangingStatusAndRejectsClosedTickets" classname="com.ticketmanagement.controller.TicketControllerIntegrationTest" time="0.032">
    <system-out><![CDATA[2026-09-20T02:18:13.899+05:30  INFO 55810 --- [           main] c.t.controller.TicketController          : TicketController create ticket
2026-09-20T02:18:13.899+05:30  INFO 55810 --- [           main] c.t.s.ticket.impl.TicketServiceImpl      : TicketServiceImpl ::  create ticket
2026-09-20T02:18:13.903+05:30  INFO 55810 --- [           main] c.t.controller.TicketController          : TicketController update ticket 12
2026-09-20T02:18:13.903+05:30  INFO 55810 --- [           main] c.t.s.ticket.impl.TicketServiceImpl      : TicketServiceImpl ::  update ticket 12
2026-09-20T02:18:13.909+05:30  INFO 55810 --- [           main] c.t.controller.TicketController          : TicketController change status 12
2026-09-20T02:18:13.910+05:30  INFO 55810 --- [           main] c.t.s.ticket.impl.TicketServiceImpl      : TicketServiceImpl ::  change status 12
2026-09-20T02:18:13.915+05:30  INFO 55810 --- [           main] c.t.controller.TicketController          : TicketController update ticket 12
2026-09-20T02:18:13.915+05:30  INFO 55810 --- [           main] c.t.s.ticket.impl.TicketServiceImpl      : TicketServiceImpl ::  update ticket 12
2026-09-20T02:18:13.916+05:30 ERROR 55810 --- [           main] c.t.e.advice.ExceptionControllerAdvice   : ClientErrorException occurred :: A finished ticket cannot be edited. The ticket was not changed.
2026-09-20T02:18:13.917+05:30  INFO 55810 --- [           main] c.t.controller.TicketController          : TicketController get ticket 12
2026-09-20T02:18:13.918+05:30  INFO 55810 --- [           main] c.t.s.ticket.impl.TicketServiceImpl      : TicketServiceImpl ::  get ticket 12
]]></system-out>
  </testcase>
  <testcase name="blankTitleIsRejectedAndDoesNotCreateARow" classname="com.ticketmanagement.controller.TicketControllerIntegrationTest" time="0.013">
    <system-out><![CDATA[2026-09-20T02:18:13.932+05:30 ERROR 55810 --- [           main] c.t.e.advice.ExceptionControllerAdvice   : ExceptionAdvice::handle::MethodArgumentNotValidException getting this error Validation failed for argument [0] in public org.springframework.http.ResponseEntity<com.ticketmanagement.dto.ticket.response.TicketDetailResDTO> com.ticketmanagement.controller.TicketController.create(com.ticketmanagement.dto.ticket.request.CreateTicketReqDTO): [Field error in object 'createTicketReqDTO' on field 'title': rejected value [   ]; codes [NotBlank.createTicketReqDTO.title,NotBlank.title,NotBlank.java.lang.String,NotBlank]; arguments [org.springframework.context.support.DefaultMessageSourceResolvable: codes [createTicketReqDTO.title,title]; arguments []; default message [title]]; default message [must not be blank]] 
]]></system-out>
  </testcase>
</testsuite>